$ eslint .

/Users/it-gaadmin/nerd/i18n-num-in-words/library/src/lang/bn.ts
  3:13  warning  'num' is defined but never used. Allowed unused args must match /^_/u  @typescript-eslint/no-unused-vars

/Users/it-gaadmin/nerd/i18n-num-in-words/library/src/lang/de.ts
  3:13  warning  'num' is defined but never used. Allowed unused args must match /^_/u  @typescript-eslint/no-unused-vars

/Users/it-gaadmin/nerd/i18n-num-in-words/library/src/lang/es.ts
  3:13  warning  'num' is defined but never used. Allowed unused args must match /^_/u  @typescript-eslint/no-unused-vars

/Users/it-gaadmin/nerd/i18n-num-in-words/library/src/lang/fr.ts
  3:13  warning  'n' is defined but never used. Allowed unused args must match /^_/u  @typescript-eslint/no-unused-vars

/Users/it-gaadmin/nerd/i18n-num-in-words/library/src/lang/hi.ts
  3:13  warning  'num' is defined but never used. Allowed unused args must match /^_/u  @typescript-eslint/no-unused-vars

/Users/it-gaadmin/nerd/i18n-num-in-words/library/src/lang/ja.ts
  3:13  warning  'num' is defined but never used. Allowed unused args must match /^_/u  @typescript-eslint/no-unused-vars

/Users/it-gaadmin/nerd/i18n-num-in-words/library/src/lang/mr.ts
  3:13  warning  'num' is defined but never used. Allowed unused args must match /^_/u  @typescript-eslint/no-unused-vars

/Users/it-gaadmin/nerd/i18n-num-in-words/library/src/lang/pt.ts
  3:13  warning  'num' is defined but never used. Allowed unused args must match /^_/u  @typescript-eslint/no-unused-vars

/Users/it-gaadmin/nerd/i18n-num-in-words/library/src/lang/sw.ts
  3:13  warning  'num' is defined but never used. Allowed unused args must match /^_/u  @typescript-eslint/no-unused-vars

/Users/it-gaadmin/nerd/i18n-num-in-words/library/src/lang/ur.ts
  3:13  warning  'num' is defined but never used. Allowed unused args must match /^_/u  @typescript-eslint/no-unused-vars

✖ 10 problems (0 errors, 10 warnings)

