$ astro build
07:41:03 AM [content] The "i18n" collection does not have an associated folder in your `content` directory. Make sure the folder exists, or check your content config for typos.
07:41:03 AM [content] Types generated 157ms
07:41:03 AM [build] output target: static
07:41:03 AM [build] Collecting build info...
07:41:03 AM [build] Completed in 190ms.
07:41:03 AM [build] Building static entrypoints...
07:41:04 AM [build] Completed in 1.12s.

 building client 
Completed in 185ms.


 generating static routes 
▶ /404
  └─ /404.html (+28ms)
▶ /[...slug]
  ├─ /en/index.html (+23ms)
[33mExperimental l (en), stable feature enabled. This feature is not stable and may change in the future.[0m
  ├─ index.html (+18ms)
  ├─ /zh/index.html (+10ms)
  ├─ /ar/index.html (+9ms)
  ├─ /id/index.html (+9ms)
  └─ /ru/index.html (+8ms)
Completed in 108ms.

[32m@astrojs/sitemap:[0m `sitemap-index.xml` is created.


Running Pagefind v1.0.3 (Extended)
Running from: "/Users/it-gaadmin/nerd/i18n-num-in-words/node_modules/@astrojs/starlight"
Source:       "../../../website/dist"
Output:       "../../../website/dist/pagefind"

[Walking source directory]
Found 7 files matching **/*.{html}

[Parsing files]
Found a data-pagefind-body element on the site.
↳ Ignoring pages without this tag.

[Reading languages]
Discovered 5 languages: ar, id, zh-cn, en, ru

[Building search indexes]
Total: 
  Indexed 5 languages
  Indexed 6 pages
  Indexed 744 words
  Indexed 0 filters
  Indexed 0 sorts

Finished in 0.39 seconds
07:41:06 AM [build] 7 page(s) built in 2.97s
07:41:06 AM [build] Complete!
